{"/home/bleakred/Documents/github-stuff/projects/notion-clone-project/frontend/src/components/Avatar.tsx": {"path":"/home/bleakred/Documents/github-stuff/projects/notion-clone-project/frontend/src/components/Avatar.tsx","statementMap":{"0":{"start":{"line":15,"column":24},"end":{"line":15,"column":null}},"1":{"start":{"line":17,"column":2},"end":{"line":29,"column":null}},"2":{"start":{"line":18,"column":4},"end":{"line":27,"column":null}},"3":{"start":{"line":31,"column":2},"end":{"line":37,"column":null}},"4":{"start":{"line":36,"column":21},"end":{"line":36,"column":null}}},"fnMap":{"0":{"name":"Avatar","decl":{"start":{"line":14,"column":24},"end":{"line":14,"column":31}},"loc":{"start":{"line":14,"column":110},"end":{"line":39,"column":null}},"line":14},"1":{"name":"(anonymous_1)","decl":{"start":{"line":36,"column":15},"end":{"line":36,"column":21}},"loc":{"start":{"line":36,"column":21},"end":{"line":36,"column":null}},"line":36}},"branchMap":{"0":{"loc":{"start":{"line":14,"column":38},"end":{"line":14,"column":54}},"type":"default-arg","locations":[{"start":{"line":14,"column":44},"end":{"line":14,"column":54}}],"line":14},"1":{"loc":{"start":{"line":14,"column":54},"end":{"line":14,"column":65}},"type":"default-arg","locations":[{"start":{"line":14,"column":61},"end":{"line":14,"column":65}}],"line":14},"2":{"loc":{"start":{"line":14,"column":65},"end":{"line":14,"column":81}},"type":"default-arg","locations":[{"start":{"line":14,"column":77},"end":{"line":14,"column":81}}],"line":14},"3":{"loc":{"start":{"line":17,"column":2},"end":{"line":29,"column":null}},"type":"if","locations":[{"start":{"line":17,"column":2},"end":{"line":29,"column":null}},{"start":{},"end":{}}],"line":17},"4":{"loc":{"start":{"line":17,"column":6},"end":{"line":17,"column":21}},"type":"binary-expr","locations":[{"start":{"line":17,"column":6},"end":{"line":17,"column":14}},{"start":{"line":17,"column":14},"end":{"line":17,"column":21}}],"line":17},"5":{"loc":{"start":{"line":20,"column":9},"end":{"line":25,"column":null}},"type":"cond-expr","locations":[{"start":{"line":21,"column":10},"end":{"line":23,"column":null}},{"start":{"line":25,"column":10},"end":{"line":25,"column":null}}],"line":20}},"s":{"0":135,"1":135,"2":133,"3":2,"4":1},"f":{"0":135,"1":1},"b":{"0":[135],"1":[135],"2":[135],"3":[133,2],"4":[135,3],"5":[130,3]},"meta":{"lastBranch":6,"lastFunction":2,"lastStatement":5,"seen":{"f:14:24:14:31":0,"b:14:44:14:54":0,"b:14:61:14:65":1,"b:14:77:14:81":2,"s:15:24:15:Infinity":0,"b:17:2:29:Infinity:undefined:undefined:undefined:undefined":3,"s:17:2:29:Infinity":1,"b:17:6:17:14:17:14:17:21":4,"s:18:4:27:Infinity":2,"b:21:10:23:Infinity:25:10:25:Infinity":5,"s:31:2:37:Infinity":3,"f:36:15:36:21":1,"s:36:21:36:Infinity":4}}}
}
