{"/home/bleakred/Documents/github-stuff/projects/notion-clone-project/backend/src/routes/auth.ts": {"path":"/home/bleakred/Documents/github-stuff/projects/notion-clone-project/backend/src/routes/auth.ts","all":false,"statementMap":{"0":{"start":{"line":1,"column":0},"end":{"line":1,"column":52}},"1":{"start":{"line":2,"column":0},"end":{"line":2,"column":30}},"2":{"start":{"line":3,"column":0},"end":{"line":3,"column":31}},"3":{"start":{"line":4,"column":0},"end":{"line":4,"column":46}},"4":{"start":{"line":5,"column":0},"end":{"line":5,"column":68}},"5":{"start":{"line":6,"column":0},"end":{"line":6,"column":28}},"6":{"start":{"line":7,"column":0},"end":{"line":7,"column":80}},"8":{"start":{"line":9,"column":0},"end":{"line":9,"column":34}},"9":{"start":{"line":10,"column":0},"end":{"line":10,"column":24}},"10":{"start":{"line":11,"column":0},"end":{"line":11,"column":54}},"12":{"start":{"line":13,"column":0},"end":{"line":13,"column":65}},"13":{"start":{"line":14,"column":0},"end":{"line":14,"column":7}},"14":{"start":{"line":15,"column":0},"end":{"line":15,"column":74}},"16":{"start":{"line":17,"column":0},"end":{"line":17,"column":99}},"17":{"start":{"line":18,"column":0},"end":{"line":18,"column":103}},"19":{"start":{"line":20,"column":0},"end":{"line":20,"column":77}},"20":{"start":{"line":21,"column":0},"end":{"line":21,"column":86}},"22":{"start":{"line":23,"column":0},"end":{"line":23,"column":19}},"23":{"start":{"line":24,"column":0},"end":{"line":24,"column":83}},"24":{"start":{"line":25,"column":0},"end":{"line":25,"column":92}},"25":{"start":{"line":26,"column":0},"end":{"line":26,"column":5}},"27":{"start":{"line":28,"column":0},"end":{"line":28,"column":69}},"28":{"start":{"line":29,"column":0},"end":{"line":29,"column":59}},"29":{"start":{"line":30,"column":0},"end":{"line":30,"column":43}},"30":{"start":{"line":31,"column":0},"end":{"line":31,"column":14}},"31":{"start":{"line":32,"column":0},"end":{"line":32,"column":15}},"32":{"start":{"line":33,"column":0},"end":{"line":33,"column":34}},"33":{"start":{"line":34,"column":0},"end":{"line":34,"column":14}},"34":{"start":{"line":35,"column":0},"end":{"line":35,"column":17}},"35":{"start":{"line":36,"column":0},"end":{"line":36,"column":25}},"36":{"start":{"line":37,"column":0},"end":{"line":37,"column":7}},"37":{"start":{"line":38,"column":0},"end":{"line":38,"column":7}},"39":{"start":{"line":40,"column":0},"end":{"line":40,"column":9}},"40":{"start":{"line":41,"column":0},"end":{"line":41,"column":67}},"41":{"start":{"line":42,"column":0},"end":{"line":42,"column":25}},"42":{"start":{"line":43,"column":0},"end":{"line":43,"column":71}},"44":{"start":{"line":45,"column":0},"end":{"line":45,"column":5}},"46":{"start":{"line":47,"column":0},"end":{"line":47,"column":81}},"47":{"start":{"line":48,"column":0},"end":{"line":48,"column":164}},"52":{"start":{"line":53,"column":0},"end":{"line":53,"column":3}},"53":{"start":{"line":54,"column":0},"end":{"line":54,"column":3}},"55":{"start":{"line":56,"column":0},"end":{"line":56,"column":62}},"56":{"start":{"line":57,"column":0},"end":{"line":57,"column":7}},"57":{"start":{"line":58,"column":0},"end":{"line":58,"column":41}},"58":{"start":{"line":59,"column":0},"end":{"line":59,"column":99}},"60":{"start":{"line":61,"column":0},"end":{"line":61,"column":68}},"61":{"start":{"line":62,"column":0},"end":{"line":62,"column":77}},"63":{"start":{"line":64,"column":0},"end":{"line":64,"column":64}},"64":{"start":{"line":65,"column":0},"end":{"line":65,"column":78}},"66":{"start":{"line":67,"column":0},"end":{"line":67,"column":81}},"67":{"start":{"line":68,"column":0},"end":{"line":68,"column":164}},"72":{"start":{"line":73,"column":0},"end":{"line":73,"column":3}},"73":{"start":{"line":74,"column":0},"end":{"line":74,"column":3}},"75":{"start":{"line":76,"column":0},"end":{"line":76,"column":72}},"76":{"start":{"line":77,"column":0},"end":{"line":77,"column":9}},"77":{"start":{"line":78,"column":0},"end":{"line":78,"column":35}},"78":{"start":{"line":79,"column":0},"end":{"line":79,"column":72}},"79":{"start":{"line":80,"column":0},"end":{"line":80,"column":76}},"81":{"start":{"line":82,"column":0},"end":{"line":82,"column":66}},"82":{"start":{"line":83,"column":0},"end":{"line":83,"column":74}},"84":{"start":{"line":85,"column":0},"end":{"line":85,"column":34}},"85":{"start":{"line":86,"column":0},"end":{"line":86,"column":35}},"86":{"start":{"line":87,"column":0},"end":{"line":87,"column":50}},"87":{"start":{"line":88,"column":0},"end":{"line":88,"column":11}},"89":{"start":{"line":90,"column":0},"end":{"line":90,"column":13}},"90":{"start":{"line":91,"column":0},"end":{"line":91,"column":65}},"91":{"start":{"line":92,"column":0},"end":{"line":92,"column":29}},"92":{"start":{"line":93,"column":0},"end":{"line":93,"column":68}},"93":{"start":{"line":94,"column":0},"end":{"line":94,"column":106}},"94":{"start":{"line":95,"column":0},"end":{"line":95,"column":9}},"96":{"start":{"line":97,"column":0},"end":{"line":97,"column":72}},"103":{"start":{"line":104,"column":0},"end":{"line":104,"column":3}},"105":{"start":{"line":106,"column":0},"end":{"line":106,"column":71}},"106":{"start":{"line":107,"column":0},"end":{"line":107,"column":9}},"107":{"start":{"line":108,"column":0},"end":{"line":108,"column":45}},"108":{"start":{"line":109,"column":0},"end":{"line":109,"column":50}},"109":{"start":{"line":110,"column":0},"end":{"line":110,"column":20}},"110":{"start":{"line":111,"column":0},"end":{"line":111,"column":34}},"111":{"start":{"line":112,"column":0},"end":{"line":112,"column":52}},"112":{"start":{"line":113,"column":0},"end":{"line":113,"column":13}},"113":{"start":{"line":114,"column":0},"end":{"line":114,"column":11}},"115":{"start":{"line":116,"column":0},"end":{"line":116,"column":86}},"117":{"start":{"line":118,"column":0},"end":{"line":118,"column":63}},"118":{"start":{"line":119,"column":0},"end":{"line":119,"column":34}},"119":{"start":{"line":120,"column":0},"end":{"line":120,"column":35}},"120":{"start":{"line":121,"column":0},"end":{"line":121,"column":20}},"121":{"start":{"line":122,"column":0},"end":{"line":122,"column":41}},"122":{"start":{"line":123,"column":0},"end":{"line":123,"column":33}},"123":{"start":{"line":124,"column":0},"end":{"line":124,"column":38}},"124":{"start":{"line":125,"column":0},"end":{"line":125,"column":13}},"125":{"start":{"line":126,"column":0},"end":{"line":126,"column":11}},"127":{"start":{"line":128,"column":0},"end":{"line":128,"column":59}},"133":{"start":{"line":134,"column":0},"end":{"line":134,"column":3}},"135":{"start":{"line":136,"column":0},"end":{"line":136,"column":68}},"136":{"start":{"line":137,"column":0},"end":{"line":137,"column":9}},"137":{"start":{"line":138,"column":0},"end":{"line":138,"column":36}},"138":{"start":{"line":139,"column":0},"end":{"line":139,"column":50}},"139":{"start":{"line":140,"column":0},"end":{"line":140,"column":57}},"140":{"start":{"line":141,"column":0},"end":{"line":141,"column":11}},"142":{"start":{"line":143,"column":0},"end":{"line":143,"column":88}},"144":{"start":{"line":145,"column":0},"end":{"line":145,"column":34}},"145":{"start":{"line":146,"column":0},"end":{"line":146,"column":35}},"146":{"start":{"line":147,"column":0},"end":{"line":147,"column":20}},"147":{"start":{"line":148,"column":0},"end":{"line":148,"column":33}},"148":{"start":{"line":149,"column":0},"end":{"line":149,"column":39}},"149":{"start":{"line":150,"column":0},"end":{"line":150,"column":13}},"150":{"start":{"line":151,"column":0},"end":{"line":151,"column":11}},"152":{"start":{"line":153,"column":0},"end":{"line":153,"column":61}},"158":{"start":{"line":159,"column":0},"end":{"line":159,"column":3}},"160":{"start":{"line":161,"column":0},"end":{"line":161,"column":78}},"161":{"start":{"line":162,"column":0},"end":{"line":162,"column":9}},"162":{"start":{"line":163,"column":0},"end":{"line":163,"column":38}},"163":{"start":{"line":164,"column":0},"end":{"line":164,"column":67}},"165":{"start":{"line":166,"column":0},"end":{"line":166,"column":21}},"166":{"start":{"line":167,"column":0},"end":{"line":167,"column":85}},"167":{"start":{"line":168,"column":0},"end":{"line":168,"column":59}},"168":{"start":{"line":169,"column":0},"end":{"line":169,"column":80}},"169":{"start":{"line":170,"column":0},"end":{"line":170,"column":11}},"170":{"start":{"line":171,"column":0},"end":{"line":171,"column":7}},"172":{"start":{"line":173,"column":0},"end":{"line":173,"column":45}},"173":{"start":{"line":174,"column":0},"end":{"line":174,"column":32}},"174":{"start":{"line":175,"column":0},"end":{"line":175,"column":18}},"175":{"start":{"line":176,"column":0},"end":{"line":176,"column":24}},"176":{"start":{"line":177,"column":0},"end":{"line":177,"column":58}},"177":{"start":{"line":178,"column":0},"end":{"line":178,"column":19}},"178":{"start":{"line":179,"column":0},"end":{"line":179,"column":12}},"179":{"start":{"line":180,"column":0},"end":{"line":180,"column":40}},"180":{"start":{"line":181,"column":0},"end":{"line":181,"column":9}},"182":{"start":{"line":183,"column":0},"end":{"line":183,"column":28}},"183":{"start":{"line":184,"column":0},"end":{"line":184,"column":23}},"184":{"start":{"line":185,"column":0},"end":{"line":185,"column":29}},"185":{"start":{"line":186,"column":0},"end":{"line":186,"column":27}},"186":{"start":{"line":187,"column":0},"end":{"line":187,"column":35}},"187":{"start":{"line":188,"column":0},"end":{"line":188,"column":37}},"188":{"start":{"line":189,"column":0},"end":{"line":189,"column":38}},"189":{"start":{"line":190,"column":0},"end":{"line":190,"column":8}},"192":{"start":{"line":193,"column":0},"end":{"line":193,"column":37}},"193":{"start":{"line":194,"column":0},"end":{"line":194,"column":81}},"194":{"start":{"line":195,"column":0},"end":{"line":195,"column":9}},"196":{"start":{"line":197,"column":0},"end":{"line":197,"column":28}},"203":{"start":{"line":204,"column":0},"end":{"line":204,"column":3}},"205":{"start":{"line":206,"column":0},"end":{"line":206,"column":22}}},"s":{"0":1,"1":1,"2":1,"3":1,"4":1,"5":1,"6":1,"8":1,"9":1,"10":1,"12":1,"13":63,"14":63,"16":63,"17":63,"19":61,"20":63,"22":63,"23":55,"24":55,"25":55,"27":60,"28":60,"29":60,"30":60,"31":60,"32":60,"33":60,"34":60,"35":60,"36":60,"37":60,"39":60,"40":60,"41":63,"42":0,"44":0,"46":60,"47":60,"52":0,"53":63,"55":1,"56":59,"57":59,"58":59,"60":57,"61":59,"63":56,"64":59,"66":55,"67":55,"72":0,"73":59,"75":1,"76":3,"77":3,"78":3,"79":3,"81":1,"82":1,"84":1,"85":1,"86":1,"87":1,"89":1,"90":1,"91":3,"92":0,"93":0,"94":0,"96":1,"103":3,"105":1,"106":3,"107":3,"108":3,"109":3,"110":3,"111":3,"112":3,"113":3,"115":3,"117":1,"118":1,"119":1,"120":1,"121":1,"122":1,"123":1,"124":1,"125":1,"127":1,"133":3,"135":1,"136":2,"137":2,"138":2,"139":2,"140":2,"142":2,"144":1,"145":1,"146":1,"147":1,"148":1,"149":1,"150":1,"152":1,"158":2,"160":1,"161":4,"162":4,"163":4,"165":4,"166":4,"167":4,"168":1,"169":1,"170":4,"172":3,"173":3,"174":3,"175":3,"176":4,"177":4,"178":4,"179":4,"180":4,"182":3,"183":3,"184":3,"185":3,"186":3,"187":3,"188":3,"189":3,"192":3,"193":0,"194":3,"196":3,"203":4,"205":1},"branchMap":{"0":{"type":"branch","line":11,"loc":{"start":{"line":11,"column":31},"end":{"line":11,"column":54}},"locations":[{"start":{"line":11,"column":31},"end":{"line":11,"column":54}}]},"1":{"type":"branch","line":13,"loc":{"start":{"line":13,"column":25},"end":{"line":54,"column":3}},"locations":[{"start":{"line":13,"column":25},"end":{"line":54,"column":3}}]},"2":{"type":"branch","line":17,"loc":{"start":{"line":17,"column":9},"end":{"line":17,"column":29}},"locations":[{"start":{"line":17,"column":9},"end":{"line":17,"column":29}}]},"3":{"type":"branch","line":17,"loc":{"start":{"line":17,"column":29},"end":{"line":17,"column":99}},"locations":[{"start":{"line":17,"column":29},"end":{"line":17,"column":99}}]},"4":{"type":"branch","line":17,"loc":{"start":{"line":17,"column":97},"end":{"line":18,"column":45}},"locations":[{"start":{"line":17,"column":97},"end":{"line":18,"column":45}}]},"5":{"type":"branch","line":18,"loc":{"start":{"line":18,"column":38},"end":{"line":18,"column":103}},"locations":[{"start":{"line":18,"column":38},"end":{"line":18,"column":103}}]},"6":{"type":"branch","line":18,"loc":{"start":{"line":18,"column":101},"end":{"line":21,"column":30}},"locations":[{"start":{"line":18,"column":101},"end":{"line":21,"column":30}}]},"7":{"type":"branch","line":21,"loc":{"start":{"line":21,"column":23},"end":{"line":21,"column":86}},"locations":[{"start":{"line":21,"column":23},"end":{"line":21,"column":86}}]},"8":{"type":"branch","line":21,"loc":{"start":{"line":21,"column":84},"end":{"line":23,"column":18}},"locations":[{"start":{"line":21,"column":84},"end":{"line":23,"column":18}}]},"9":{"type":"branch","line":23,"loc":{"start":{"line":23,"column":18},"end":{"line":26,"column":5}},"locations":[{"start":{"line":23,"column":18},"end":{"line":26,"column":5}}]},"10":{"type":"branch","line":25,"loc":{"start":{"line":25,"column":26},"end":{"line":25,"column":92}},"locations":[{"start":{"line":25,"column":26},"end":{"line":25,"column":92}}]},"11":{"type":"branch","line":26,"loc":{"start":{"line":26,"column":4},"end":{"line":42,"column":13}},"locations":[{"start":{"line":26,"column":4},"end":{"line":42,"column":13}}]},"12":{"type":"branch","line":42,"loc":{"start":{"line":42,"column":4},"end":{"line":45,"column":5}},"locations":[{"start":{"line":42,"column":4},"end":{"line":45,"column":5}}]},"13":{"type":"branch","line":45,"loc":{"start":{"line":45,"column":4},"end":{"line":50,"column":9}},"locations":[{"start":{"line":45,"column":4},"end":{"line":50,"column":9}}]},"14":{"type":"branch","line":50,"loc":{"start":{"line":50,"column":0},"end":{"line":53,"column":3}},"locations":[{"start":{"line":50,"column":0},"end":{"line":53,"column":3}}]},"15":{"type":"branch","line":56,"loc":{"start":{"line":56,"column":22},"end":{"line":74,"column":3}},"locations":[{"start":{"line":56,"column":22},"end":{"line":74,"column":3}}]},"16":{"type":"branch","line":59,"loc":{"start":{"line":59,"column":9},"end":{"line":59,"column":29}},"locations":[{"start":{"line":59,"column":9},"end":{"line":59,"column":29}}]},"17":{"type":"branch","line":59,"loc":{"start":{"line":59,"column":29},"end":{"line":59,"column":99}},"locations":[{"start":{"line":59,"column":29},"end":{"line":59,"column":99}}]},"18":{"type":"branch","line":59,"loc":{"start":{"line":59,"column":97},"end":{"line":62,"column":22}},"locations":[{"start":{"line":59,"column":97},"end":{"line":62,"column":22}}]},"19":{"type":"branch","line":62,"loc":{"start":{"line":62,"column":15},"end":{"line":62,"column":77}},"locations":[{"start":{"line":62,"column":15},"end":{"line":62,"column":77}}]},"20":{"type":"branch","line":62,"loc":{"start":{"line":62,"column":75},"end":{"line":65,"column":23}},"locations":[{"start":{"line":62,"column":75},"end":{"line":65,"column":23}}]},"21":{"type":"branch","line":65,"loc":{"start":{"line":65,"column":16},"end":{"line":65,"column":78}},"locations":[{"start":{"line":65,"column":16},"end":{"line":65,"column":78}}]},"22":{"type":"branch","line":65,"loc":{"start":{"line":65,"column":76},"end":{"line":70,"column":9}},"locations":[{"start":{"line":65,"column":76},"end":{"line":70,"column":9}}]},"23":{"type":"branch","line":70,"loc":{"start":{"line":70,"column":0},"end":{"line":73,"column":3}},"locations":[{"start":{"line":70,"column":0},"end":{"line":73,"column":3}}]},"24":{"type":"branch","line":76,"loc":{"start":{"line":76,"column":32},"end":{"line":104,"column":3}},"locations":[{"start":{"line":76,"column":32},"end":{"line":104,"column":3}}]},"25":{"type":"branch","line":79,"loc":{"start":{"line":79,"column":70},"end":{"line":80,"column":26}},"locations":[{"start":{"line":79,"column":70},"end":{"line":80,"column":26}}]},"26":{"type":"branch","line":80,"loc":{"start":{"line":80,"column":19},"end":{"line":92,"column":17}},"locations":[{"start":{"line":80,"column":19},"end":{"line":92,"column":17}}]},"27":{"type":"branch","line":92,"loc":{"start":{"line":92,"column":8},"end":{"line":95,"column":9}},"locations":[{"start":{"line":92,"column":8},"end":{"line":95,"column":9}}]},"28":{"type":"branch","line":95,"loc":{"start":{"line":95,"column":8},"end":{"line":103,"column":5}},"locations":[{"start":{"line":95,"column":8},"end":{"line":103,"column":5}}]},"29":{"type":"branch","line":106,"loc":{"start":{"line":106,"column":31},"end":{"line":134,"column":3}},"locations":[{"start":{"line":106,"column":31},"end":{"line":134,"column":3}}]},"30":{"type":"branch","line":116,"loc":{"start":{"line":116,"column":19},"end":{"line":116,"column":86}},"locations":[{"start":{"line":116,"column":19},"end":{"line":116,"column":86}}]},"31":{"type":"branch","line":116,"loc":{"start":{"line":116,"column":84},"end":{"line":130,"column":9}},"locations":[{"start":{"line":116,"column":84},"end":{"line":130,"column":9}}]},"32":{"type":"branch","line":130,"loc":{"start":{"line":130,"column":0},"end":{"line":133,"column":5}},"locations":[{"start":{"line":130,"column":0},"end":{"line":133,"column":5}}]},"33":{"type":"branch","line":136,"loc":{"start":{"line":136,"column":28},"end":{"line":159,"column":3}},"locations":[{"start":{"line":136,"column":28},"end":{"line":159,"column":3}}]},"34":{"type":"branch","line":143,"loc":{"start":{"line":143,"column":19},"end":{"line":155,"column":9}},"locations":[{"start":{"line":143,"column":19},"end":{"line":155,"column":9}}]},"35":{"type":"branch","line":155,"loc":{"start":{"line":155,"column":0},"end":{"line":158,"column":5}},"locations":[{"start":{"line":155,"column":0},"end":{"line":158,"column":5}}]},"36":{"type":"branch","line":161,"loc":{"start":{"line":161,"column":42},"end":{"line":204,"column":3}},"locations":[{"start":{"line":161,"column":42},"end":{"line":204,"column":3}}]},"37":{"type":"branch","line":168,"loc":{"start":{"line":168,"column":14},"end":{"line":168,"column":58}},"locations":[{"start":{"line":168,"column":14},"end":{"line":168,"column":58}}]},"38":{"type":"branch","line":168,"loc":{"start":{"line":168,"column":58},"end":{"line":170,"column":11}},"locations":[{"start":{"line":168,"column":58},"end":{"line":170,"column":11}}]},"39":{"type":"branch","line":171,"loc":{"start":{"line":171,"column":6},"end":{"line":177,"column":40}},"locations":[{"start":{"line":171,"column":6},"end":{"line":177,"column":40}}]},"40":{"type":"branch","line":177,"loc":{"start":{"line":177,"column":25},"end":{"line":177,"column":47}},"locations":[{"start":{"line":177,"column":25},"end":{"line":177,"column":47}}]},"41":{"type":"branch","line":177,"loc":{"start":{"line":177,"column":40},"end":{"line":177,"column":58}},"locations":[{"start":{"line":177,"column":40},"end":{"line":177,"column":58}}]},"42":{"type":"branch","line":181,"loc":{"start":{"line":181,"column":7},"end":{"line":199,"column":9}},"locations":[{"start":{"line":181,"column":7},"end":{"line":199,"column":9}}]},"43":{"type":"branch","line":199,"loc":{"start":{"line":199,"column":0},"end":{"line":203,"column":5}},"locations":[{"start":{"line":199,"column":0},"end":{"line":203,"column":5}}]}},"b":{"0":[0],"1":[63],"2":[62],"3":[1],"4":[62],"5":[1],"6":[61],"7":[1],"8":[60],"9":[55],"10":[0],"11":[60],"12":[0],"13":[60],"14":[1],"15":[59],"16":[58],"17":[2],"18":[57],"19":[1],"20":[56],"21":[1],"22":[55],"23":[1],"24":[3],"25":[2],"26":[1],"27":[0],"28":[1],"29":[3],"30":[2],"31":[1],"32":[1],"33":[2],"34":[1],"35":[1],"36":[4],"37":[1],"38":[1],"39":[3],"40":[0],"41":[3],"42":[3],"43":[1]},"fnMap":{},"f":{}}
,"/home/bleakred/Documents/github-stuff/projects/notion-clone-project/backend/src/routes/chat.ts": {"path":"/home/bleakred/Documents/github-stuff/projects/notion-clone-project/backend/src/routes/chat.ts","all":false,"statementMap":{"0":{"start":{"line":1,"column":0},"end":{"line":1,"column":30}},"1":{"start":{"line":2,"column":0},"end":{"line":2,"column":31}},"2":{"start":{"line":3,"column":0},"end":{"line":3,"column":68}},"5":{"start":{"line":6,"column":0},"end":{"line":6,"column":32}},"8":{"start":{"line":9,"column":0},"end":{"line":9,"column":107}},"9":{"start":{"line":10,"column":0},"end":{"line":10,"column":7}},"10":{"start":{"line":11,"column":0},"end":{"line":11,"column":39}},"11":{"start":{"line":12,"column":0},"end":{"line":12,"column":48}},"12":{"start":{"line":13,"column":0},"end":{"line":13,"column":29}},"13":{"start":{"line":14,"column":0},"end":{"line":14,"column":36}},"14":{"start":{"line":15,"column":0},"end":{"line":15,"column":7}},"17":{"start":{"line":18,"column":0},"end":{"line":18,"column":29}},"18":{"start":{"line":19,"column":0},"end":{"line":19,"column":58}},"19":{"start":{"line":20,"column":0},"end":{"line":20,"column":50}},"20":{"start":{"line":21,"column":0},"end":{"line":21,"column":11}},"21":{"start":{"line":22,"column":0},"end":{"line":22,"column":30}},"22":{"start":{"line":23,"column":0},"end":{"line":23,"column":5}},"24":{"start":{"line":25,"column":0},"end":{"line":25,"column":20}},"29":{"start":{"line":30,"column":0},"end":{"line":30,"column":3}},"32":{"start":{"line":33,"column":0},"end":{"line":33,"column":108}},"33":{"start":{"line":34,"column":0},"end":{"line":34,"column":9}},"34":{"start":{"line":35,"column":0},"end":{"line":35,"column":43}},"35":{"start":{"line":36,"column":0},"end":{"line":36,"column":34}},"36":{"start":{"line":37,"column":0},"end":{"line":37,"column":51}},"37":{"start":{"line":38,"column":0},"end":{"line":38,"column":39}},"38":{"start":{"line":39,"column":0},"end":{"line":39,"column":11}},"39":{"start":{"line":40,"column":0},"end":{"line":40,"column":23}},"45":{"start":{"line":46,"column":0},"end":{"line":46,"column":3}},"48":{"start":{"line":49,"column":0},"end":{"line":49,"column":100}},"49":{"start":{"line":50,"column":0},"end":{"line":50,"column":7}},"50":{"start":{"line":51,"column":0},"end":{"line":51,"column":34}},"51":{"start":{"line":52,"column":0},"end":{"line":52,"column":56}},"52":{"start":{"line":53,"column":0},"end":{"line":53,"column":36}},"53":{"start":{"line":54,"column":0},"end":{"line":54,"column":16}},"54":{"start":{"line":55,"column":0},"end":{"line":55,"column":17}},"55":{"start":{"line":56,"column":0},"end":{"line":56,"column":76}},"56":{"start":{"line":57,"column":0},"end":{"line":57,"column":9}},"57":{"start":{"line":58,"column":0},"end":{"line":58,"column":8}},"58":{"start":{"line":59,"column":0},"end":{"line":59,"column":36}},"59":{"start":{"line":60,"column":0},"end":{"line":60,"column":7}},"60":{"start":{"line":61,"column":0},"end":{"line":61,"column":23}},"66":{"start":{"line":67,"column":0},"end":{"line":67,"column":3}},"69":{"start":{"line":70,"column":0},"end":{"line":70,"column":84}},"70":{"start":{"line":71,"column":0},"end":{"line":71,"column":7}},"71":{"start":{"line":72,"column":0},"end":{"line":72,"column":34}},"72":{"start":{"line":73,"column":0},"end":{"line":73,"column":33}},"73":{"start":{"line":74,"column":0},"end":{"line":74,"column":38}},"75":{"start":{"line":76,"column":0},"end":{"line":76,"column":116}},"76":{"start":{"line":77,"column":0},"end":{"line":77,"column":90}},"78":{"start":{"line":79,"column":0},"end":{"line":79,"column":53}},"79":{"start":{"line":80,"column":0},"end":{"line":80,"column":13}},"80":{"start":{"line":81,"column":0},"end":{"line":81,"column":16}},"81":{"start":{"line":82,"column":0},"end":{"line":82,"column":27}},"82":{"start":{"line":83,"column":0},"end":{"line":83,"column":17}},"83":{"start":{"line":84,"column":0},"end":{"line":84,"column":8}},"84":{"start":{"line":85,"column":0},"end":{"line":85,"column":16}},"85":{"start":{"line":86,"column":0},"end":{"line":86,"column":17}},"86":{"start":{"line":87,"column":0},"end":{"line":87,"column":76}},"87":{"start":{"line":88,"column":0},"end":{"line":88,"column":9}},"88":{"start":{"line":89,"column":0},"end":{"line":89,"column":7}},"89":{"start":{"line":90,"column":0},"end":{"line":90,"column":7}},"92":{"start":{"line":93,"column":0},"end":{"line":93,"column":72}},"94":{"start":{"line":95,"column":0},"end":{"line":95,"column":22}},"100":{"start":{"line":101,"column":0},"end":{"line":101,"column":3}},"103":{"start":{"line":104,"column":0},"end":{"line":104,"column":89}},"104":{"start":{"line":105,"column":0},"end":{"line":105,"column":9}},"105":{"start":{"line":106,"column":0},"end":{"line":106,"column":41}},"106":{"start":{"line":107,"column":0},"end":{"line":107,"column":37}},"107":{"start":{"line":108,"column":0},"end":{"line":108,"column":40}},"109":{"start":{"line":110,"column":0},"end":{"line":110,"column":61}},"110":{"start":{"line":111,"column":0},"end":{"line":111,"column":36}},"111":{"start":{"line":112,"column":0},"end":{"line":112,"column":11}},"113":{"start":{"line":114,"column":0},"end":{"line":114,"column":82}},"114":{"start":{"line":115,"column":0},"end":{"line":115,"column":96}},"116":{"start":{"line":117,"column":0},"end":{"line":117,"column":64}},"117":{"start":{"line":118,"column":0},"end":{"line":118,"column":37}},"118":{"start":{"line":119,"column":0},"end":{"line":119,"column":30}},"119":{"start":{"line":120,"column":0},"end":{"line":120,"column":22}},"120":{"start":{"line":121,"column":0},"end":{"line":121,"column":94}},"121":{"start":{"line":122,"column":0},"end":{"line":122,"column":13}},"122":{"start":{"line":123,"column":0},"end":{"line":123,"column":11}},"124":{"start":{"line":125,"column":0},"end":{"line":125,"column":93}},"126":{"start":{"line":127,"column":0},"end":{"line":127,"column":33}},"132":{"start":{"line":133,"column":0},"end":{"line":133,"column":3}},"135":{"start":{"line":136,"column":0},"end":{"line":136,"column":92}},"136":{"start":{"line":137,"column":0},"end":{"line":137,"column":9}},"137":{"start":{"line":138,"column":0},"end":{"line":138,"column":41}},"138":{"start":{"line":139,"column":0},"end":{"line":139,"column":40}},"140":{"start":{"line":141,"column":0},"end":{"line":141,"column":61}},"141":{"start":{"line":142,"column":0},"end":{"line":142,"column":36}},"142":{"start":{"line":143,"column":0},"end":{"line":143,"column":11}},"144":{"start":{"line":145,"column":0},"end":{"line":145,"column":82}},"145":{"start":{"line":146,"column":0},"end":{"line":146,"column":96}},"147":{"start":{"line":148,"column":0},"end":{"line":148,"column":70}},"149":{"start":{"line":150,"column":0},"end":{"line":150,"column":89}},"151":{"start":{"line":152,"column":0},"end":{"line":152,"column":41}},"157":{"start":{"line":158,"column":0},"end":{"line":158,"column":3}},"159":{"start":{"line":160,"column":0},"end":{"line":160,"column":22}}},"s":{"0":1,"1":1,"2":1,"5":1,"8":1,"9":8,"10":8,"11":8,"12":8,"13":8,"14":8,"17":8,"18":8,"19":8,"20":8,"21":8,"22":8,"24":8,"29":8,"32":1,"33":1,"34":1,"35":1,"36":1,"37":1,"38":1,"39":1,"45":1,"48":1,"49":1,"50":1,"51":1,"52":1,"53":1,"54":1,"55":1,"56":1,"57":1,"58":1,"59":1,"60":1,"66":1,"69":1,"70":6,"71":6,"72":6,"73":6,"75":6,"76":6,"78":4,"79":4,"80":4,"81":4,"82":4,"83":4,"84":4,"85":4,"86":4,"87":4,"88":4,"89":4,"92":6,"94":6,"100":6,"103":1,"104":2,"105":2,"106":2,"107":2,"109":2,"110":2,"111":2,"113":2,"114":2,"116":1,"117":1,"118":1,"119":1,"120":1,"121":1,"122":1,"124":2,"126":2,"132":2,"135":1,"136":1,"137":1,"138":1,"140":1,"141":1,"142":1,"144":1,"145":1,"147":1,"149":1,"151":1,"157":1,"159":1},"branchMap":{"0":{"type":"branch","line":9,"loc":{"start":{"line":9,"column":63},"end":{"line":30,"column":3}},"locations":[{"start":{"line":9,"column":63},"end":{"line":30,"column":3}}]},"1":{"type":"branch","line":27,"loc":{"start":{"line":27,"column":0},"end":{"line":29,"column":3}},"locations":[{"start":{"line":27,"column":0},"end":{"line":29,"column":3}}]},"2":{"type":"branch","line":33,"loc":{"start":{"line":33,"column":64},"end":{"line":46,"column":3}},"locations":[{"start":{"line":33,"column":64},"end":{"line":46,"column":3}}]},"3":{"type":"branch","line":42,"loc":{"start":{"line":42,"column":0},"end":{"line":45,"column":5}},"locations":[{"start":{"line":42,"column":0},"end":{"line":45,"column":5}}]},"4":{"type":"branch","line":49,"loc":{"start":{"line":49,"column":56},"end":{"line":67,"column":3}},"locations":[{"start":{"line":49,"column":56},"end":{"line":67,"column":3}}]},"5":{"type":"branch","line":63,"loc":{"start":{"line":63,"column":0},"end":{"line":66,"column":3}},"locations":[{"start":{"line":63,"column":0},"end":{"line":66,"column":3}}]},"6":{"type":"branch","line":70,"loc":{"start":{"line":70,"column":48},"end":{"line":101,"column":3}},"locations":[{"start":{"line":70,"column":48},"end":{"line":101,"column":3}}]},"7":{"type":"branch","line":76,"loc":{"start":{"line":76,"column":9},"end":{"line":76,"column":49}},"locations":[{"start":{"line":76,"column":9},"end":{"line":76,"column":49}}]},"8":{"type":"branch","line":76,"loc":{"start":{"line":76,"column":49},"end":{"line":76,"column":116}},"locations":[{"start":{"line":76,"column":49},"end":{"line":76,"column":116}}]},"9":{"type":"branch","line":76,"loc":{"start":{"line":76,"column":114},"end":{"line":77,"column":38}},"locations":[{"start":{"line":76,"column":114},"end":{"line":77,"column":38}}]},"10":{"type":"branch","line":77,"loc":{"start":{"line":77,"column":31},"end":{"line":77,"column":90}},"locations":[{"start":{"line":77,"column":31},"end":{"line":77,"column":90}}]},"11":{"type":"branch","line":77,"loc":{"start":{"line":77,"column":88},"end":{"line":93,"column":12}},"locations":[{"start":{"line":77,"column":88},"end":{"line":93,"column":12}}]},"12":{"type":"branch","line":93,"loc":{"start":{"line":93,"column":8},"end":{"line":93,"column":15}},"locations":[{"start":{"line":93,"column":8},"end":{"line":93,"column":15}}]},"13":{"type":"branch","line":97,"loc":{"start":{"line":97,"column":0},"end":{"line":100,"column":3}},"locations":[{"start":{"line":97,"column":0},"end":{"line":100,"column":3}}]},"14":{"type":"branch","line":104,"loc":{"start":{"line":104,"column":53},"end":{"line":133,"column":3}},"locations":[{"start":{"line":104,"column":53},"end":{"line":133,"column":3}}]},"15":{"type":"branch","line":114,"loc":{"start":{"line":114,"column":22},"end":{"line":114,"column":82}},"locations":[{"start":{"line":114,"column":22},"end":{"line":114,"column":82}}]},"16":{"type":"branch","line":115,"loc":{"start":{"line":115,"column":41},"end":{"line":125,"column":16}},"locations":[{"start":{"line":115,"column":41},"end":{"line":125,"column":16}}]},"17":{"type":"branch","line":125,"loc":{"start":{"line":125,"column":12},"end":{"line":125,"column":19}},"locations":[{"start":{"line":125,"column":12},"end":{"line":125,"column":19}}]},"18":{"type":"branch","line":129,"loc":{"start":{"line":129,"column":0},"end":{"line":132,"column":5}},"locations":[{"start":{"line":129,"column":0},"end":{"line":132,"column":5}}]},"19":{"type":"branch","line":136,"loc":{"start":{"line":136,"column":56},"end":{"line":158,"column":3}},"locations":[{"start":{"line":136,"column":56},"end":{"line":158,"column":3}}]},"20":{"type":"branch","line":145,"loc":{"start":{"line":145,"column":22},"end":{"line":145,"column":82}},"locations":[{"start":{"line":145,"column":22},"end":{"line":145,"column":82}}]},"21":{"type":"branch","line":146,"loc":{"start":{"line":146,"column":41},"end":{"line":146,"column":96}},"locations":[{"start":{"line":146,"column":41},"end":{"line":146,"column":96}}]},"22":{"type":"branch","line":150,"loc":{"start":{"line":150,"column":12},"end":{"line":150,"column":19}},"locations":[{"start":{"line":150,"column":12},"end":{"line":150,"column":19}}]},"23":{"type":"branch","line":154,"loc":{"start":{"line":154,"column":0},"end":{"line":157,"column":5}},"locations":[{"start":{"line":154,"column":0},"end":{"line":157,"column":5}}]}},"b":{"0":[8],"1":[1],"2":[1],"3":[1],"4":[1],"5":[1],"6":[6],"7":[5],"8":[1],"9":[5],"10":[1],"11":[4],"12":[0],"13":[1],"14":[2],"15":[0],"16":[1],"17":[0],"18":[1],"19":[1],"20":[0],"21":[0],"22":[0],"23":[1]},"fnMap":{},"f":{}}
,"/home/bleakred/Documents/github-stuff/projects/notion-clone-project/backend/src/routes/drawing.ts": {"path":"/home/bleakred/Documents/github-stuff/projects/notion-clone-project/backend/src/routes/drawing.ts","all":false,"statementMap":{"0":{"start":{"line":1,"column":0},"end":{"line":1,"column":43}},"1":{"start":{"line":2,"column":0},"end":{"line":2,"column":68}},"2":{"start":{"line":3,"column":0},"end":{"line":3,"column":31}},"4":{"start":{"line":5,"column":0},"end":{"line":5,"column":24}},"7":{"start":{"line":8,"column":0},"end":{"line":8,"column":102}},"8":{"start":{"line":9,"column":0},"end":{"line":9,"column":37}},"9":{"start":{"line":10,"column":0},"end":{"line":10,"column":35}},"10":{"start":{"line":11,"column":0},"end":{"line":11,"column":34}},"12":{"start":{"line":13,"column":0},"end":{"line":13,"column":70}},"14":{"start":{"line":15,"column":0},"end":{"line":15,"column":7}},"15":{"start":{"line":16,"column":0},"end":{"line":16,"column":49}},"16":{"start":{"line":17,"column":0},"end":{"line":17,"column":13}},"17":{"start":{"line":18,"column":0},"end":{"line":18,"column":43}},"18":{"start":{"line":19,"column":0},"end":{"line":19,"column":13}},"19":{"start":{"line":20,"column":0},"end":{"line":20,"column":20}},"20":{"start":{"line":21,"column":0},"end":{"line":21,"column":24}},"21":{"start":{"line":22,"column":0},"end":{"line":22,"column":7}},"22":{"start":{"line":23,"column":0},"end":{"line":23,"column":7}},"23":{"start":{"line":24,"column":0},"end":{"line":24,"column":22}},"27":{"start":{"line":28,"column":0},"end":{"line":28,"column":3}},"28":{"start":{"line":29,"column":0},"end":{"line":29,"column":3}},"31":{"start":{"line":32,"column":0},"end":{"line":32,"column":82}},"32":{"start":{"line":33,"column":0},"end":{"line":33,"column":28}},"33":{"start":{"line":34,"column":0},"end":{"line":34,"column":35}},"35":{"start":{"line":36,"column":0},"end":{"line":36,"column":7}},"36":{"start":{"line":37,"column":0},"end":{"line":37,"column":49}},"37":{"start":{"line":38,"column":0},"end":{"line":38,"column":20}},"38":{"start":{"line":39,"column":0},"end":{"line":39,"column":13}},"39":{"start":{"line":40,"column":0},"end":{"line":40,"column":14}},"40":{"start":{"line":41,"column":0},"end":{"line":41,"column":13}},"41":{"start":{"line":42,"column":0},"end":{"line":42,"column":29}},"42":{"start":{"line":43,"column":0},"end":{"line":43,"column":7}},"43":{"start":{"line":44,"column":0},"end":{"line":44,"column":7}},"44":{"start":{"line":45,"column":0},"end":{"line":45,"column":22}},"48":{"start":{"line":49,"column":0},"end":{"line":49,"column":3}},"49":{"start":{"line":50,"column":0},"end":{"line":50,"column":3}},"52":{"start":{"line":53,"column":0},"end":{"line":53,"column":101}},"53":{"start":{"line":54,"column":0},"end":{"line":54,"column":37}},"55":{"start":{"line":56,"column":0},"end":{"line":56,"column":7}},"56":{"start":{"line":57,"column":0},"end":{"line":57,"column":52}},"57":{"start":{"line":58,"column":0},"end":{"line":58,"column":29}},"58":{"start":{"line":59,"column":0},"end":{"line":59,"column":98}},"59":{"start":{"line":60,"column":0},"end":{"line":60,"column":36}},"60":{"start":{"line":61,"column":0},"end":{"line":61,"column":7}},"61":{"start":{"line":62,"column":0},"end":{"line":62,"column":23}},"67":{"start":{"line":68,"column":0},"end":{"line":68,"column":3}},"70":{"start":{"line":71,"column":0},"end":{"line":71,"column":82}},"71":{"start":{"line":72,"column":0},"end":{"line":72,"column":28}},"73":{"start":{"line":74,"column":0},"end":{"line":74,"column":7}},"74":{"start":{"line":75,"column":0},"end":{"line":75,"column":53}},"75":{"start":{"line":76,"column":0},"end":{"line":76,"column":20}},"76":{"start":{"line":77,"column":0},"end":{"line":77,"column":97}},"77":{"start":{"line":78,"column":0},"end":{"line":78,"column":7}},"78":{"start":{"line":79,"column":0},"end":{"line":79,"column":78}},"79":{"start":{"line":80,"column":0},"end":{"line":80,"column":22}},"85":{"start":{"line":86,"column":0},"end":{"line":86,"column":3}},"88":{"start":{"line":89,"column":0},"end":{"line":89,"column":85}},"89":{"start":{"line":90,"column":0},"end":{"line":90,"column":28}},"91":{"start":{"line":92,"column":0},"end":{"line":92,"column":7}},"92":{"start":{"line":93,"column":0},"end":{"line":93,"column":51}},"93":{"start":{"line":94,"column":0},"end":{"line":94,"column":45}},"99":{"start":{"line":100,"column":0},"end":{"line":100,"column":3}},"101":{"start":{"line":102,"column":0},"end":{"line":102,"column":22}}},"s":{"0":1,"1":1,"2":1,"4":1,"7":1,"8":6,"9":6,"10":6,"12":6,"14":6,"15":6,"16":6,"17":6,"18":6,"19":6,"20":6,"21":6,"22":6,"23":6,"27":0,"28":6,"31":1,"32":1,"33":1,"35":1,"36":1,"37":1,"38":1,"39":1,"40":1,"41":1,"42":1,"43":1,"44":1,"48":0,"49":1,"52":1,"53":1,"55":1,"56":1,"57":1,"58":1,"59":1,"60":1,"61":1,"67":1,"70":1,"71":2,"73":2,"74":2,"75":2,"76":2,"77":2,"78":2,"79":1,"85":2,"88":1,"89":1,"91":1,"92":1,"93":1,"99":1,"101":1},"branchMap":{"0":{"type":"branch","line":8,"loc":{"start":{"line":8,"column":58},"end":{"line":29,"column":3}},"locations":[{"start":{"line":8,"column":58},"end":{"line":29,"column":3}}]},"1":{"type":"branch","line":13,"loc":{"start":{"line":13,"column":15},"end":{"line":13,"column":70}},"locations":[{"start":{"line":13,"column":15},"end":{"line":13,"column":70}}]},"2":{"type":"branch","line":18,"loc":{"start":{"line":18,"column":15},"end":{"line":18,"column":43}},"locations":[{"start":{"line":18,"column":15},"end":{"line":18,"column":43}}]},"3":{"type":"branch","line":26,"loc":{"start":{"line":26,"column":0},"end":{"line":28,"column":3}},"locations":[{"start":{"line":26,"column":0},"end":{"line":28,"column":3}}]},"4":{"type":"branch","line":32,"loc":{"start":{"line":32,"column":38},"end":{"line":50,"column":3}},"locations":[{"start":{"line":32,"column":38},"end":{"line":50,"column":3}}]},"5":{"type":"branch","line":47,"loc":{"start":{"line":47,"column":0},"end":{"line":49,"column":3}},"locations":[{"start":{"line":47,"column":0},"end":{"line":49,"column":3}}]},"6":{"type":"branch","line":53,"loc":{"start":{"line":53,"column":57},"end":{"line":68,"column":3}},"locations":[{"start":{"line":53,"column":57},"end":{"line":68,"column":3}}]},"7":{"type":"branch","line":64,"loc":{"start":{"line":64,"column":0},"end":{"line":67,"column":3}},"locations":[{"start":{"line":64,"column":0},"end":{"line":67,"column":3}}]},"8":{"type":"branch","line":71,"loc":{"start":{"line":71,"column":38},"end":{"line":86,"column":3}},"locations":[{"start":{"line":71,"column":38},"end":{"line":86,"column":3}}]},"9":{"type":"branch","line":79,"loc":{"start":{"line":79,"column":18},"end":{"line":82,"column":9}},"locations":[{"start":{"line":79,"column":18},"end":{"line":82,"column":9}}]},"10":{"type":"branch","line":82,"loc":{"start":{"line":82,"column":0},"end":{"line":85,"column":3}},"locations":[{"start":{"line":82,"column":0},"end":{"line":85,"column":3}}]},"11":{"type":"branch","line":89,"loc":{"start":{"line":89,"column":41},"end":{"line":100,"column":3}},"locations":[{"start":{"line":89,"column":41},"end":{"line":100,"column":3}}]},"12":{"type":"branch","line":96,"loc":{"start":{"line":96,"column":0},"end":{"line":99,"column":3}},"locations":[{"start":{"line":96,"column":0},"end":{"line":99,"column":3}}]}},"b":{"0":[6],"1":[0],"2":[1],"3":[1],"4":[1],"5":[1],"6":[1],"7":[1],"8":[2],"9":[1],"10":[1],"11":[1],"12":[1]},"fnMap":{},"f":{}}
,"/home/bleakred/Documents/github-stuff/projects/notion-clone-project/backend/src/routes/kanban.ts": {"path":"/home/bleakred/Documents/github-stuff/projects/notion-clone-project/backend/src/routes/kanban.ts","all":false,"statementMap":{"0":{"start":{"line":1,"column":0},"end":{"line":1,"column":30}},"1":{"start":{"line":2,"column":0},"end":{"line":2,"column":31}},"2":{"start":{"line":3,"column":0},"end":{"line":3,"column":68}},"5":{"start":{"line":6,"column":0},"end":{"line":6,"column":32}},"8":{"start":{"line":9,"column":0},"end":{"line":9,"column":101}},"9":{"start":{"line":10,"column":0},"end":{"line":10,"column":7}},"10":{"start":{"line":11,"column":0},"end":{"line":11,"column":39}},"11":{"start":{"line":12,"column":0},"end":{"line":12,"column":54}},"12":{"start":{"line":13,"column":0},"end":{"line":13,"column":29}},"13":{"start":{"line":14,"column":0},"end":{"line":14,"column":37}},"14":{"start":{"line":15,"column":0},"end":{"line":15,"column":7}},"15":{"start":{"line":16,"column":0},"end":{"line":16,"column":21}},"20":{"start":{"line":21,"column":0},"end":{"line":21,"column":3}},"21":{"start":{"line":22,"column":0},"end":{"line":22,"column":3}},"24":{"start":{"line":25,"column":0},"end":{"line":25,"column":102}},"25":{"start":{"line":26,"column":0},"end":{"line":26,"column":7}},"26":{"start":{"line":27,"column":0},"end":{"line":27,"column":39}},"27":{"start":{"line":28,"column":0},"end":{"line":28,"column":31}},"28":{"start":{"line":29,"column":0},"end":{"line":29,"column":51}},"29":{"start":{"line":30,"column":0},"end":{"line":30,"column":13}},"30":{"start":{"line":31,"column":0},"end":{"line":31,"column":14}},"31":{"start":{"line":32,"column":0},"end":{"line":32,"column":20}},"32":{"start":{"line":33,"column":0},"end":{"line":33,"column":18}},"33":{"start":{"line":34,"column":0},"end":{"line":34,"column":19}},"34":{"start":{"line":35,"column":0},"end":{"line":35,"column":66}},"35":{"start":{"line":36,"column":0},"end":{"line":36,"column":75}},"36":{"start":{"line":37,"column":0},"end":{"line":37,"column":67}},"37":{"start":{"line":38,"column":0},"end":{"line":38,"column":11}},"38":{"start":{"line":39,"column":0},"end":{"line":39,"column":9}},"39":{"start":{"line":40,"column":0},"end":{"line":40,"column":8}},"40":{"start":{"line":41,"column":0},"end":{"line":41,"column":16}},"41":{"start":{"line":42,"column":0},"end":{"line":42,"column":18}},"42":{"start":{"line":43,"column":0},"end":{"line":43,"column":20}},"43":{"start":{"line":44,"column":0},"end":{"line":44,"column":23}},"44":{"start":{"line":45,"column":0},"end":{"line":45,"column":11}},"45":{"start":{"line":46,"column":0},"end":{"line":46,"column":9}},"46":{"start":{"line":47,"column":0},"end":{"line":47,"column":7}},"47":{"start":{"line":48,"column":0},"end":{"line":48,"column":7}},"48":{"start":{"line":49,"column":0},"end":{"line":49,"column":20}},"53":{"start":{"line":54,"column":0},"end":{"line":54,"column":3}},"54":{"start":{"line":55,"column":0},"end":{"line":55,"column":3}},"57":{"start":{"line":58,"column":0},"end":{"line":58,"column":93}},"58":{"start":{"line":59,"column":0},"end":{"line":59,"column":7}},"59":{"start":{"line":60,"column":0},"end":{"line":60,"column":35}},"60":{"start":{"line":61,"column":0},"end":{"line":61,"column":55}},"61":{"start":{"line":62,"column":0},"end":{"line":62,"column":29}},"62":{"start":{"line":63,"column":0},"end":{"line":63,"column":16}},"63":{"start":{"line":64,"column":0},"end":{"line":64,"column":18}},"64":{"start":{"line":65,"column":0},"end":{"line":65,"column":36}},"65":{"start":{"line":66,"column":0},"end":{"line":66,"column":20}},"66":{"start":{"line":67,"column":0},"end":{"line":67,"column":20}},"67":{"start":{"line":68,"column":0},"end":{"line":68,"column":40}},"68":{"start":{"line":69,"column":0},"end":{"line":69,"column":24}},"69":{"start":{"line":70,"column":0},"end":{"line":70,"column":25}},"70":{"start":{"line":71,"column":0},"end":{"line":71,"column":84}},"71":{"start":{"line":72,"column":0},"end":{"line":72,"column":18}},"72":{"start":{"line":73,"column":0},"end":{"line":73,"column":28}},"73":{"start":{"line":74,"column":0},"end":{"line":74,"column":84}},"74":{"start":{"line":75,"column":0},"end":{"line":75,"column":17}},"75":{"start":{"line":76,"column":0},"end":{"line":76,"column":15}},"76":{"start":{"line":77,"column":0},"end":{"line":77,"column":13}},"77":{"start":{"line":78,"column":0},"end":{"line":78,"column":11}},"78":{"start":{"line":79,"column":0},"end":{"line":79,"column":9}},"79":{"start":{"line":80,"column":0},"end":{"line":80,"column":7}},"80":{"start":{"line":81,"column":0},"end":{"line":81,"column":7}},"81":{"start":{"line":82,"column":0},"end":{"line":82,"column":20}},"86":{"start":{"line":87,"column":0},"end":{"line":87,"column":3}},"87":{"start":{"line":88,"column":0},"end":{"line":88,"column":3}},"90":{"start":{"line":91,"column":0},"end":{"line":91,"column":99}},"91":{"start":{"line":92,"column":0},"end":{"line":92,"column":9}},"92":{"start":{"line":93,"column":0},"end":{"line":93,"column":38}},"93":{"start":{"line":94,"column":0},"end":{"line":94,"column":36}},"96":{"start":{"line":97,"column":0},"end":{"line":97,"column":64}},"97":{"start":{"line":98,"column":0},"end":{"line":98,"column":34}},"98":{"start":{"line":99,"column":0},"end":{"line":99,"column":40}},"99":{"start":{"line":100,"column":0},"end":{"line":100,"column":11}},"101":{"start":{"line":102,"column":0},"end":{"line":102,"column":83}},"103":{"start":{"line":104,"column":0},"end":{"line":104,"column":76}},"105":{"start":{"line":106,"column":0},"end":{"line":106,"column":53}},"106":{"start":{"line":107,"column":0},"end":{"line":107,"column":34}},"107":{"start":{"line":108,"column":0},"end":{"line":108,"column":19}},"108":{"start":{"line":109,"column":0},"end":{"line":109,"column":38}},"109":{"start":{"line":110,"column":0},"end":{"line":110,"column":52}},"110":{"start":{"line":111,"column":0},"end":{"line":111,"column":49}},"111":{"start":{"line":112,"column":0},"end":{"line":112,"column":14}},"112":{"start":{"line":113,"column":0},"end":{"line":113,"column":22}},"113":{"start":{"line":114,"column":0},"end":{"line":114,"column":28}},"114":{"start":{"line":115,"column":0},"end":{"line":115,"column":86}},"115":{"start":{"line":116,"column":0},"end":{"line":116,"column":17}},"116":{"start":{"line":117,"column":0},"end":{"line":117,"column":13}},"117":{"start":{"line":118,"column":0},"end":{"line":118,"column":11}},"118":{"start":{"line":119,"column":0},"end":{"line":119,"column":23}},"123":{"start":{"line":124,"column":0},"end":{"line":124,"column":5}},"124":{"start":{"line":125,"column":0},"end":{"line":125,"column":3}},"127":{"start":{"line":128,"column":0},"end":{"line":128,"column":103}},"128":{"start":{"line":129,"column":0},"end":{"line":129,"column":9}},"129":{"start":{"line":130,"column":0},"end":{"line":130,"column":40}},"130":{"start":{"line":131,"column":0},"end":{"line":131,"column":50}},"131":{"start":{"line":132,"column":0},"end":{"line":132,"column":42}},"134":{"start":{"line":135,"column":0},"end":{"line":135,"column":60}},"135":{"start":{"line":136,"column":0},"end":{"line":136,"column":32}},"136":{"start":{"line":137,"column":0},"end":{"line":137,"column":38}},"137":{"start":{"line":138,"column":0},"end":{"line":138,"column":11}},"138":{"start":{"line":139,"column":0},"end":{"line":139,"column":56}},"140":{"start":{"line":141,"column":0},"end":{"line":141,"column":53}},"141":{"start":{"line":142,"column":0},"end":{"line":142,"column":19}},"142":{"start":{"line":143,"column":0},"end":{"line":143,"column":24}},"143":{"start":{"line":144,"column":0},"end":{"line":144,"column":28}},"144":{"start":{"line":145,"column":0},"end":{"line":145,"column":25}},"145":{"start":{"line":146,"column":0},"end":{"line":146,"column":25}},"146":{"start":{"line":147,"column":0},"end":{"line":147,"column":21}},"147":{"start":{"line":148,"column":0},"end":{"line":148,"column":14}},"148":{"start":{"line":149,"column":0},"end":{"line":149,"column":22}},"149":{"start":{"line":150,"column":0},"end":{"line":150,"column":25}},"150":{"start":{"line":151,"column":0},"end":{"line":151,"column":86}},"151":{"start":{"line":152,"column":0},"end":{"line":152,"column":18}},"152":{"start":{"line":153,"column":0},"end":{"line":153,"column":28}},"153":{"start":{"line":154,"column":0},"end":{"line":154,"column":86}},"154":{"start":{"line":155,"column":0},"end":{"line":155,"column":17}},"155":{"start":{"line":156,"column":0},"end":{"line":156,"column":13}},"156":{"start":{"line":157,"column":0},"end":{"line":157,"column":11}},"157":{"start":{"line":158,"column":0},"end":{"line":158,"column":23}},"162":{"start":{"line":163,"column":0},"end":{"line":163,"column":5}},"163":{"start":{"line":164,"column":0},"end":{"line":164,"column":3}},"166":{"start":{"line":167,"column":0},"end":{"line":167,"column":92}},"167":{"start":{"line":168,"column":0},"end":{"line":168,"column":9}},"168":{"start":{"line":169,"column":0},"end":{"line":169,"column":38}},"169":{"start":{"line":170,"column":0},"end":{"line":170,"column":67}},"171":{"start":{"line":172,"column":0},"end":{"line":172,"column":53}},"172":{"start":{"line":173,"column":0},"end":{"line":173,"column":34}},"173":{"start":{"line":174,"column":0},"end":{"line":174,"column":19}},"174":{"start":{"line":175,"column":0},"end":{"line":175,"column":24}},"175":{"start":{"line":176,"column":0},"end":{"line":176,"column":28}},"176":{"start":{"line":177,"column":0},"end":{"line":177,"column":25}},"177":{"start":{"line":178,"column":0},"end":{"line":178,"column":21}},"178":{"start":{"line":179,"column":0},"end":{"line":179,"column":13}},"179":{"start":{"line":180,"column":0},"end":{"line":180,"column":11}},"180":{"start":{"line":181,"column":0},"end":{"line":181,"column":23}},"185":{"start":{"line":186,"column":0},"end":{"line":186,"column":5}},"186":{"start":{"line":187,"column":0},"end":{"line":187,"column":3}},"189":{"start":{"line":190,"column":0},"end":{"line":190,"column":96}},"190":{"start":{"line":191,"column":0},"end":{"line":191,"column":9}},"191":{"start":{"line":192,"column":0},"end":{"line":192,"column":40}},"192":{"start":{"line":193,"column":0},"end":{"line":193,"column":42}},"193":{"start":{"line":194,"column":0},"end":{"line":194,"column":40}},"195":{"start":{"line":196,"column":0},"end":{"line":196,"column":61}},"196":{"start":{"line":197,"column":0},"end":{"line":197,"column":36}},"197":{"start":{"line":198,"column":0},"end":{"line":198,"column":64}},"198":{"start":{"line":199,"column":0},"end":{"line":199,"column":11}},"200":{"start":{"line":201,"column":0},"end":{"line":201,"column":80}},"201":{"start":{"line":202,"column":0},"end":{"line":202,"column":56}},"202":{"start":{"line":203,"column":0},"end":{"line":203,"column":96}},"203":{"start":{"line":204,"column":0},"end":{"line":204,"column":9}},"205":{"start":{"line":206,"column":0},"end":{"line":206,"column":64}},"206":{"start":{"line":207,"column":0},"end":{"line":207,"column":36}},"207":{"start":{"line":208,"column":0},"end":{"line":208,"column":34}},"208":{"start":{"line":209,"column":0},"end":{"line":209,"column":11}},"209":{"start":{"line":210,"column":0},"end":{"line":210,"column":32}},"214":{"start":{"line":215,"column":0},"end":{"line":215,"column":5}},"215":{"start":{"line":216,"column":0},"end":{"line":216,"column":3}},"218":{"start":{"line":219,"column":0},"end":{"line":219,"column":95}},"219":{"start":{"line":220,"column":0},"end":{"line":220,"column":9}},"220":{"start":{"line":221,"column":0},"end":{"line":221,"column":38}},"221":{"start":{"line":222,"column":0},"end":{"line":222,"column":40}},"222":{"start":{"line":223,"column":0},"end":{"line":223,"column":33}},"223":{"start":{"line":224,"column":0},"end":{"line":224,"column":11}},"224":{"start":{"line":225,"column":0},"end":{"line":225,"column":46}},"231":{"start":{"line":232,"column":0},"end":{"line":232,"column":3}},"234":{"start":{"line":235,"column":0},"end":{"line":235,"column":102}},"235":{"start":{"line":236,"column":0},"end":{"line":236,"column":9}},"236":{"start":{"line":237,"column":0},"end":{"line":237,"column":39}},"237":{"start":{"line":238,"column":0},"end":{"line":238,"column":42}},"239":{"start":{"line":240,"column":0},"end":{"line":240,"column":64}},"240":{"start":{"line":241,"column":0},"end":{"line":241,"column":31}},"241":{"start":{"line":242,"column":0},"end":{"line":242,"column":38}},"242":{"start":{"line":243,"column":0},"end":{"line":243,"column":11}},"243":{"start":{"line":244,"column":0},"end":{"line":244,"column":60}},"245":{"start":{"line":246,"column":0},"end":{"line":246,"column":57}},"246":{"start":{"line":247,"column":0},"end":{"line":247,"column":20}},"247":{"start":{"line":248,"column":0},"end":{"line":248,"column":23}},"248":{"start":{"line":249,"column":0},"end":{"line":249,"column":25}},"249":{"start":{"line":250,"column":0},"end":{"line":250,"column":23}},"250":{"start":{"line":251,"column":0},"end":{"line":251,"column":42}},"251":{"start":{"line":252,"column":0},"end":{"line":252,"column":13}},"252":{"start":{"line":253,"column":0},"end":{"line":253,"column":11}},"253":{"start":{"line":254,"column":0},"end":{"line":254,"column":25}},"260":{"start":{"line":261,"column":0},"end":{"line":261,"column":3}},"262":{"start":{"line":263,"column":0},"end":{"line":263,"column":22}}},"s":{"0":1,"1":1,"2":1,"5":1,"8":1,"9":1,"10":1,"11":1,"12":1,"13":1,"14":1,"15":1,"20":0,"21":1,"24":1,"25":9,"26":9,"27":9,"28":9,"29":9,"30":9,"31":9,"32":9,"33":9,"34":9,"35":9,"36":9,"37":9,"38":9,"39":9,"40":9,"41":9,"42":9,"43":9,"44":9,"45":9,"46":9,"47":9,"48":9,"53":0,"54":9,"57":1,"58":1,"59":1,"60":1,"61":1,"62":1,"63":1,"64":1,"65":1,"66":1,"67":1,"68":1,"69":1,"70":1,"71":1,"72":1,"73":1,"74":1,"75":1,"76":1,"77":1,"78":1,"79":1,"80":1,"81":1,"86":0,"87":1,"90":1,"91":1,"92":1,"93":1,"96":1,"97":1,"98":1,"99":1,"101":1,"103":1,"105":1,"106":1,"107":1,"108":1,"109":0,"110":1,"111":1,"112":1,"113":1,"114":1,"115":1,"116":1,"117":1,"118":1,"123":0,"124":1,"127":1,"128":6,"129":6,"130":6,"131":6,"134":6,"135":6,"136":6,"137":6,"138":6,"140":6,"141":6,"142":6,"143":6,"144":6,"145":6,"146":6,"147":6,"148":6,"149":6,"150":6,"151":6,"152":6,"153":6,"154":6,"155":6,"156":6,"157":6,"162":0,"163":6,"166":1,"167":1,"168":1,"169":1,"171":1,"172":1,"173":1,"174":1,"175":1,"176":1,"177":1,"178":1,"179":1,"180":1,"185":0,"186":1,"189":1,"190":1,"191":1,"192":1,"193":1,"195":1,"196":1,"197":1,"198":1,"200":1,"201":1,"202":0,"203":0,"205":1,"206":1,"207":1,"208":1,"209":1,"214":0,"215":1,"218":1,"219":1,"220":1,"221":1,"222":1,"223":1,"224":1,"231":1,"234":1,"235":1,"236":1,"237":1,"239":1,"240":1,"241":1,"242":1,"243":1,"245":1,"246":1,"247":1,"248":1,"249":1,"250":1,"251":1,"252":1,"253":1,"260":1,"262":1},"branchMap":{"0":{"type":"branch","line":9,"loc":{"start":{"line":9,"column":57},"end":{"line":22,"column":3}},"locations":[{"start":{"line":9,"column":57},"end":{"line":22,"column":3}}]},"1":{"type":"branch","line":19,"loc":{"start":{"line":19,"column":0},"end":{"line":21,"column":3}},"locations":[{"start":{"line":19,"column":0},"end":{"line":21,"column":3}}]},"2":{"type":"branch","line":25,"loc":{"start":{"line":25,"column":58},"end":{"line":55,"column":3}},"locations":[{"start":{"line":25,"column":58},"end":{"line":55,"column":3}}]},"3":{"type":"branch","line":52,"loc":{"start":{"line":52,"column":0},"end":{"line":54,"column":3}},"locations":[{"start":{"line":52,"column":0},"end":{"line":54,"column":3}}]},"4":{"type":"branch","line":58,"loc":{"start":{"line":58,"column":49},"end":{"line":88,"column":3}},"locations":[{"start":{"line":58,"column":49},"end":{"line":88,"column":3}}]},"5":{"type":"branch","line":85,"loc":{"start":{"line":85,"column":0},"end":{"line":87,"column":3}},"locations":[{"start":{"line":85,"column":0},"end":{"line":87,"column":3}}]},"6":{"type":"branch","line":91,"loc":{"start":{"line":91,"column":55},"end":{"line":125,"column":3}},"locations":[{"start":{"line":91,"column":55},"end":{"line":125,"column":3}}]},"7":{"type":"branch","line":102,"loc":{"start":{"line":102,"column":26},"end":{"line":102,"column":83}},"locations":[{"start":{"line":102,"column":26},"end":{"line":102,"column":83}}]},"8":{"type":"branch","line":109,"loc":{"start":{"line":109,"column":27},"end":{"line":110,"column":52}},"locations":[{"start":{"line":109,"column":27},"end":{"line":110,"column":52}}]},"9":{"type":"branch","line":122,"loc":{"start":{"line":122,"column":0},"end":{"line":124,"column":5}},"locations":[{"start":{"line":122,"column":0},"end":{"line":124,"column":5}}]},"10":{"type":"branch","line":128,"loc":{"start":{"line":128,"column":59},"end":{"line":164,"column":3}},"locations":[{"start":{"line":128,"column":59},"end":{"line":164,"column":3}}]},"11":{"type":"branch","line":139,"loc":{"start":{"line":139,"column":22},"end":{"line":139,"column":54}},"locations":[{"start":{"line":139,"column":22},"end":{"line":139,"column":54}}]},"12":{"type":"branch","line":161,"loc":{"start":{"line":161,"column":0},"end":{"line":163,"column":5}},"locations":[{"start":{"line":161,"column":0},"end":{"line":163,"column":5}}]},"13":{"type":"branch","line":167,"loc":{"start":{"line":167,"column":48},"end":{"line":187,"column":3}},"locations":[{"start":{"line":167,"column":48},"end":{"line":187,"column":3}}]},"14":{"type":"branch","line":184,"loc":{"start":{"line":184,"column":0},"end":{"line":186,"column":5}},"locations":[{"start":{"line":184,"column":0},"end":{"line":186,"column":5}}]},"15":{"type":"branch","line":190,"loc":{"start":{"line":190,"column":52},"end":{"line":216,"column":3}},"locations":[{"start":{"line":190,"column":52},"end":{"line":216,"column":3}}]},"16":{"type":"branch","line":201,"loc":{"start":{"line":201,"column":21},"end":{"line":201,"column":80}},"locations":[{"start":{"line":201,"column":21},"end":{"line":201,"column":80}}]},"17":{"type":"branch","line":202,"loc":{"start":{"line":202,"column":55},"end":{"line":204,"column":9}},"locations":[{"start":{"line":202,"column":55},"end":{"line":204,"column":9}}]},"18":{"type":"branch","line":213,"loc":{"start":{"line":213,"column":0},"end":{"line":215,"column":5}},"locations":[{"start":{"line":213,"column":0},"end":{"line":215,"column":5}}]},"19":{"type":"branch","line":219,"loc":{"start":{"line":219,"column":51},"end":{"line":232,"column":3}},"locations":[{"start":{"line":219,"column":51},"end":{"line":232,"column":3}}]},"20":{"type":"branch","line":228,"loc":{"start":{"line":228,"column":0},"end":{"line":231,"column":5}},"locations":[{"start":{"line":228,"column":0},"end":{"line":231,"column":5}}]},"21":{"type":"branch","line":235,"loc":{"start":{"line":235,"column":58},"end":{"line":261,"column":3}},"locations":[{"start":{"line":235,"column":58},"end":{"line":261,"column":3}}]},"22":{"type":"branch","line":244,"loc":{"start":{"line":244,"column":54},"end":{"line":244,"column":60}},"locations":[{"start":{"line":244,"column":54},"end":{"line":244,"column":60}}]},"23":{"type":"branch","line":251,"loc":{"start":{"line":251,"column":23},"end":{"line":251,"column":42}},"locations":[{"start":{"line":251,"column":23},"end":{"line":251,"column":42}}]},"24":{"type":"branch","line":257,"loc":{"start":{"line":257,"column":0},"end":{"line":260,"column":5}},"locations":[{"start":{"line":257,"column":0},"end":{"line":260,"column":5}}]}},"b":{"0":[1],"1":[1],"2":[9],"3":[1],"4":[1],"5":[1],"6":[1],"7":[0],"8":[0],"9":[1],"10":[6],"11":[0],"12":[1],"13":[1],"14":[1],"15":[1],"16":[0],"17":[0],"18":[1],"19":[1],"20":[1],"21":[1],"22":[0],"23":[0],"24":[1]},"fnMap":{},"f":{}}
,"/home/bleakred/Documents/github-stuff/projects/notion-clone-project/backend/src/routes/page.ts": {"path":"/home/bleakred/Documents/github-stuff/projects/notion-clone-project/backend/src/routes/page.ts","all":false,"statementMap":{"0":{"start":{"line":1,"column":0},"end":{"line":1,"column":43}},"1":{"start":{"line":2,"column":0},"end":{"line":2,"column":46}},"2":{"start":{"line":3,"column":0},"end":{"line":3,"column":68}},"4":{"start":{"line":5,"column":0},"end":{"line":5,"column":34}},"5":{"start":{"line":6,"column":0},"end":{"line":6,"column":24}},"8":{"start":{"line":9,"column":0},"end":{"line":9,"column":72}},"9":{"start":{"line":10,"column":0},"end":{"line":10,"column":7}},"10":{"start":{"line":11,"column":0},"end":{"line":11,"column":54}},"11":{"start":{"line":12,"column":0},"end":{"line":12,"column":38}},"13":{"start":{"line":14,"column":0},"end":{"line":14,"column":43}},"14":{"start":{"line":15,"column":0},"end":{"line":15,"column":13}},"15":{"start":{"line":16,"column":0},"end":{"line":16,"column":14}},"16":{"start":{"line":17,"column":0},"end":{"line":17,"column":20}},"17":{"start":{"line":18,"column":0},"end":{"line":18,"column":20}},"18":{"start":{"line":19,"column":0},"end":{"line":19,"column":17}},"19":{"start":{"line":20,"column":0},"end":{"line":20,"column":16}},"20":{"start":{"line":21,"column":0},"end":{"line":21,"column":7}},"21":{"start":{"line":22,"column":0},"end":{"line":22,"column":7}},"23":{"start":{"line":24,"column":0},"end":{"line":24,"column":65}},"25":{"start":{"line":26,"column":0},"end":{"line":26,"column":19}},"30":{"start":{"line":31,"column":0},"end":{"line":31,"column":61}},"31":{"start":{"line":32,"column":0},"end":{"line":32,"column":3}},"32":{"start":{"line":33,"column":0},"end":{"line":33,"column":3}},"35":{"start":{"line":36,"column":0},"end":{"line":36,"column":101}},"36":{"start":{"line":37,"column":0},"end":{"line":37,"column":7}},"37":{"start":{"line":38,"column":0},"end":{"line":38,"column":47}},"38":{"start":{"line":39,"column":0},"end":{"line":39,"column":46}},"39":{"start":{"line":40,"column":0},"end":{"line":40,"column":29}},"40":{"start":{"line":41,"column":0},"end":{"line":41,"column":36}},"41":{"start":{"line":42,"column":0},"end":{"line":42,"column":7}},"42":{"start":{"line":43,"column":0},"end":{"line":43,"column":20}},"49":{"start":{"line":50,"column":0},"end":{"line":50,"column":3}},"50":{"start":{"line":51,"column":0},"end":{"line":51,"column":3}},"53":{"start":{"line":54,"column":0},"end":{"line":54,"column":82}},"54":{"start":{"line":55,"column":0},"end":{"line":55,"column":7}},"55":{"start":{"line":56,"column":0},"end":{"line":56,"column":29}},"56":{"start":{"line":57,"column":0},"end":{"line":57,"column":65}},"57":{"start":{"line":58,"column":0},"end":{"line":58,"column":72}},"58":{"start":{"line":59,"column":0},"end":{"line":59,"column":19}},"65":{"start":{"line":66,"column":0},"end":{"line":66,"column":3}},"66":{"start":{"line":67,"column":0},"end":{"line":67,"column":3}},"69":{"start":{"line":70,"column":0},"end":{"line":70,"column":82}},"70":{"start":{"line":71,"column":0},"end":{"line":71,"column":7}},"71":{"start":{"line":72,"column":0},"end":{"line":72,"column":29}},"72":{"start":{"line":73,"column":0},"end":{"line":73,"column":40}},"74":{"start":{"line":75,"column":0},"end":{"line":75,"column":43}},"75":{"start":{"line":76,"column":0},"end":{"line":76,"column":20}},"76":{"start":{"line":77,"column":0},"end":{"line":77,"column":30}},"77":{"start":{"line":78,"column":0},"end":{"line":78,"column":7}},"79":{"start":{"line":80,"column":0},"end":{"line":80,"column":19}},"86":{"start":{"line":87,"column":0},"end":{"line":87,"column":3}},"87":{"start":{"line":88,"column":0},"end":{"line":88,"column":3}},"89":{"start":{"line":90,"column":0},"end":{"line":90,"column":22}}},"s":{"0":1,"1":1,"2":1,"4":1,"5":1,"8":1,"9":5,"10":5,"11":5,"13":5,"14":5,"15":5,"16":5,"17":5,"18":5,"19":5,"20":5,"21":5,"23":5,"25":5,"30":1,"31":1,"32":5,"35":1,"36":1,"37":1,"38":1,"39":1,"40":1,"41":1,"42":1,"49":0,"50":1,"53":1,"54":1,"55":1,"56":1,"57":1,"58":1,"65":0,"66":1,"69":1,"70":1,"71":1,"72":1,"74":1,"75":1,"76":1,"77":1,"79":1,"86":0,"87":1,"89":1},"branchMap":{"0":{"type":"branch","line":9,"loc":{"start":{"line":9,"column":36},"end":{"line":33,"column":3}},"locations":[{"start":{"line":9,"column":36},"end":{"line":33,"column":3}}]},"1":{"type":"branch","line":22,"loc":{"start":{"line":22,"column":5},"end":{"line":24,"column":12}},"locations":[{"start":{"line":22,"column":5},"end":{"line":24,"column":12}}]},"2":{"type":"branch","line":24,"loc":{"start":{"line":24,"column":8},"end":{"line":24,"column":15}},"locations":[{"start":{"line":24,"column":8},"end":{"line":24,"column":15}}]},"3":{"type":"branch","line":29,"loc":{"start":{"line":29,"column":0},"end":{"line":32,"column":3}},"locations":[{"start":{"line":29,"column":0},"end":{"line":32,"column":3}}]},"4":{"type":"branch","line":36,"loc":{"start":{"line":36,"column":57},"end":{"line":51,"column":3}},"locations":[{"start":{"line":36,"column":57},"end":{"line":51,"column":3}}]},"5":{"type":"branch","line":46,"loc":{"start":{"line":46,"column":0},"end":{"line":50,"column":3}},"locations":[{"start":{"line":46,"column":0},"end":{"line":50,"column":3}}]},"6":{"type":"branch","line":54,"loc":{"start":{"line":54,"column":38},"end":{"line":67,"column":3}},"locations":[{"start":{"line":54,"column":38},"end":{"line":67,"column":3}}]},"7":{"type":"branch","line":58,"loc":{"start":{"line":58,"column":15},"end":{"line":58,"column":72}},"locations":[{"start":{"line":58,"column":15},"end":{"line":58,"column":72}}]},"8":{"type":"branch","line":62,"loc":{"start":{"line":62,"column":0},"end":{"line":66,"column":3}},"locations":[{"start":{"line":62,"column":0},"end":{"line":66,"column":3}}]},"9":{"type":"branch","line":70,"loc":{"start":{"line":70,"column":38},"end":{"line":88,"column":3}},"locations":[{"start":{"line":70,"column":38},"end":{"line":88,"column":3}}]},"10":{"type":"branch","line":83,"loc":{"start":{"line":83,"column":0},"end":{"line":87,"column":3}},"locations":[{"start":{"line":83,"column":0},"end":{"line":87,"column":3}}]}},"b":{"0":[5],"1":[4],"2":[0],"3":[1],"4":[1],"5":[1],"6":[1],"7":[0],"8":[1],"9":[1],"10":[1]},"fnMap":{},"f":{}}
,"/home/bleakred/Documents/github-stuff/projects/notion-clone-project/backend/src/routes/workspace.ts": {"path":"/home/bleakred/Documents/github-stuff/projects/notion-clone-project/backend/src/routes/workspace.ts","all":false,"statementMap":{"0":{"start":{"line":1,"column":0},"end":{"line":1,"column":43}},"1":{"start":{"line":2,"column":0},"end":{"line":2,"column":46}},"2":{"start":{"line":3,"column":0},"end":{"line":3,"column":68}},"4":{"start":{"line":5,"column":0},"end":{"line":5,"column":34}},"5":{"start":{"line":6,"column":0},"end":{"line":6,"column":24}},"8":{"start":{"line":9,"column":0},"end":{"line":9,"column":80}},"9":{"start":{"line":10,"column":0},"end":{"line":10,"column":7}},"10":{"start":{"line":11,"column":0},"end":{"line":11,"column":30}},"11":{"start":{"line":12,"column":0},"end":{"line":12,"column":36}},"13":{"start":{"line":14,"column":0},"end":{"line":14,"column":44}},"14":{"start":{"line":15,"column":0},"end":{"line":15,"column":75}},"15":{"start":{"line":16,"column":0},"end":{"line":16,"column":5}},"17":{"start":{"line":18,"column":0},"end":{"line":18,"column":53}},"18":{"start":{"line":19,"column":0},"end":{"line":19,"column":13}},"19":{"start":{"line":20,"column":0},"end":{"line":20,"column":13}},"20":{"start":{"line":21,"column":0},"end":{"line":21,"column":24}},"21":{"start":{"line":22,"column":0},"end":{"line":22,"column":18}},"22":{"start":{"line":23,"column":0},"end":{"line":23,"column":43}},"23":{"start":{"line":24,"column":0},"end":{"line":24,"column":9}},"24":{"start":{"line":25,"column":0},"end":{"line":25,"column":7}},"25":{"start":{"line":26,"column":0},"end":{"line":26,"column":7}},"27":{"start":{"line":28,"column":0},"end":{"line":28,"column":24}},"32":{"start":{"line":33,"column":0},"end":{"line":33,"column":66}},"33":{"start":{"line":34,"column":0},"end":{"line":34,"column":3}},"34":{"start":{"line":35,"column":0},"end":{"line":35,"column":3}},"37":{"start":{"line":38,"column":0},"end":{"line":38,"column":79}},"38":{"start":{"line":39,"column":0},"end":{"line":39,"column":7}},"39":{"start":{"line":40,"column":0},"end":{"line":40,"column":36}},"40":{"start":{"line":41,"column":0},"end":{"line":41,"column":63}},"41":{"start":{"line":42,"column":0},"end":{"line":42,"column":24}},"42":{"start":{"line":43,"column":0},"end":{"line":43,"column":17}},"43":{"start":{"line":44,"column":0},"end":{"line":44,"column":20}},"44":{"start":{"line":45,"column":0},"end":{"line":45,"column":20}},"45":{"start":{"line":46,"column":0},"end":{"line":46,"column":22}},"46":{"start":{"line":47,"column":0},"end":{"line":47,"column":24}},"47":{"start":{"line":48,"column":0},"end":{"line":48,"column":23}},"48":{"start":{"line":49,"column":0},"end":{"line":49,"column":96}},"49":{"start":{"line":50,"column":0},"end":{"line":50,"column":17}},"50":{"start":{"line":51,"column":0},"end":{"line":51,"column":15}},"51":{"start":{"line":52,"column":0},"end":{"line":52,"column":13}},"52":{"start":{"line":53,"column":0},"end":{"line":53,"column":11}},"53":{"start":{"line":54,"column":0},"end":{"line":54,"column":10}},"54":{"start":{"line":55,"column":0},"end":{"line":55,"column":7}},"55":{"start":{"line":56,"column":0},"end":{"line":56,"column":7}},"56":{"start":{"line":57,"column":0},"end":{"line":57,"column":48}},"61":{"start":{"line":62,"column":0},"end":{"line":62,"column":66}},"62":{"start":{"line":63,"column":0},"end":{"line":63,"column":3}},"63":{"start":{"line":64,"column":0},"end":{"line":64,"column":3}},"66":{"start":{"line":67,"column":0},"end":{"line":67,"column":90}},"67":{"start":{"line":68,"column":0},"end":{"line":68,"column":7}},"68":{"start":{"line":69,"column":0},"end":{"line":69,"column":38}},"69":{"start":{"line":70,"column":0},"end":{"line":70,"column":59}},"70":{"start":{"line":71,"column":0},"end":{"line":71,"column":29}},"71":{"start":{"line":72,"column":0},"end":{"line":72,"column":16}},"72":{"start":{"line":73,"column":0},"end":{"line":73,"column":15}},"73":{"start":{"line":74,"column":0},"end":{"line":74,"column":88}},"74":{"start":{"line":75,"column":0},"end":{"line":75,"column":9}},"75":{"start":{"line":76,"column":0},"end":{"line":76,"column":7}},"76":{"start":{"line":77,"column":0},"end":{"line":77,"column":7}},"77":{"start":{"line":78,"column":0},"end":{"line":78,"column":22}},"82":{"start":{"line":83,"column":0},"end":{"line":83,"column":63}},"83":{"start":{"line":84,"column":0},"end":{"line":84,"column":3}},"84":{"start":{"line":85,"column":0},"end":{"line":85,"column":3}},"87":{"start":{"line":88,"column":0},"end":{"line":88,"column":90}},"88":{"start":{"line":89,"column":0},"end":{"line":89,"column":7}},"89":{"start":{"line":90,"column":0},"end":{"line":90,"column":38}},"90":{"start":{"line":91,"column":0},"end":{"line":91,"column":31}},"91":{"start":{"line":92,"column":0},"end":{"line":92,"column":37}},"94":{"start":{"line":95,"column":0},"end":{"line":95,"column":57}},"95":{"start":{"line":96,"column":0},"end":{"line":96,"column":32}},"96":{"start":{"line":97,"column":0},"end":{"line":97,"column":7}},"98":{"start":{"line":99,"column":0},"end":{"line":99,"column":82}},"100":{"start":{"line":101,"column":0},"end":{"line":101,"column":40}},"101":{"start":{"line":102,"column":0},"end":{"line":102,"column":70}},"102":{"start":{"line":103,"column":0},"end":{"line":103,"column":5}},"104":{"start":{"line":105,"column":0},"end":{"line":105,"column":76}},"105":{"start":{"line":106,"column":0},"end":{"line":106,"column":80}},"108":{"start":{"line":109,"column":0},"end":{"line":109,"column":61}},"109":{"start":{"line":110,"column":0},"end":{"line":110,"column":55}},"110":{"start":{"line":111,"column":0},"end":{"line":111,"column":7}},"111":{"start":{"line":112,"column":0},"end":{"line":112,"column":82}},"113":{"start":{"line":114,"column":0},"end":{"line":114,"column":41}},"114":{"start":{"line":115,"column":0},"end":{"line":115,"column":13}},"115":{"start":{"line":116,"column":0},"end":{"line":116,"column":20}},"116":{"start":{"line":117,"column":0},"end":{"line":117,"column":32}},"117":{"start":{"line":118,"column":0},"end":{"line":118,"column":22}},"118":{"start":{"line":119,"column":0},"end":{"line":119,"column":7}},"119":{"start":{"line":120,"column":0},"end":{"line":120,"column":7}},"121":{"start":{"line":122,"column":0},"end":{"line":122,"column":37}},"129":{"start":{"line":130,"column":0},"end":{"line":130,"column":3}},"132":{"start":{"line":133,"column":0},"end":{"line":133,"column":103}},"133":{"start":{"line":134,"column":0},"end":{"line":134,"column":7}},"134":{"start":{"line":135,"column":0},"end":{"line":135,"column":38}},"135":{"start":{"line":136,"column":0},"end":{"line":136,"column":41}},"136":{"start":{"line":137,"column":0},"end":{"line":137,"column":37}},"139":{"start":{"line":140,"column":0},"end":{"line":140,"column":57}},"140":{"start":{"line":141,"column":0},"end":{"line":141,"column":32}},"141":{"start":{"line":142,"column":0},"end":{"line":142,"column":7}},"143":{"start":{"line":144,"column":0},"end":{"line":144,"column":82}},"145":{"start":{"line":146,"column":0},"end":{"line":146,"column":40}},"146":{"start":{"line":147,"column":0},"end":{"line":147,"column":78}},"147":{"start":{"line":148,"column":0},"end":{"line":148,"column":5}},"149":{"start":{"line":150,"column":0},"end":{"line":150,"column":31}},"150":{"start":{"line":151,"column":0},"end":{"line":151,"column":70}},"151":{"start":{"line":152,"column":0},"end":{"line":152,"column":5}},"153":{"start":{"line":154,"column":0},"end":{"line":154,"column":45}},"154":{"start":{"line":155,"column":0},"end":{"line":155,"column":14}},"155":{"start":{"line":156,"column":0},"end":{"line":156,"column":20}},"156":{"start":{"line":157,"column":0},"end":{"line":157,"column":24}},"157":{"start":{"line":158,"column":0},"end":{"line":158,"column":7}},"158":{"start":{"line":159,"column":0},"end":{"line":159,"column":7}},"160":{"start":{"line":161,"column":0},"end":{"line":161,"column":37}},"168":{"start":{"line":169,"column":0},"end":{"line":169,"column":3}}},"s":{"0":1,"1":1,"2":1,"4":1,"5":1,"8":1,"9":43,"10":43,"11":43,"13":43,"14":2,"15":2,"17":41,"18":41,"19":41,"20":41,"21":41,"22":41,"23":41,"24":41,"25":41,"27":41,"32":0,"33":0,"34":43,"37":1,"38":1,"39":1,"40":1,"41":1,"42":1,"43":1,"44":1,"45":1,"46":1,"47":1,"48":1,"49":1,"50":1,"51":1,"52":1,"53":1,"54":1,"55":1,"56":1,"61":0,"62":0,"63":1,"66":1,"67":3,"68":3,"69":3,"70":3,"71":3,"72":3,"73":3,"74":3,"75":3,"76":3,"77":3,"82":0,"83":0,"84":3,"87":1,"88":4,"89":4,"90":4,"91":4,"94":4,"95":4,"96":4,"98":4,"100":4,"101":1,"102":1,"104":3,"105":4,"108":2,"109":2,"110":2,"111":4,"113":2,"114":2,"115":2,"116":2,"117":2,"118":2,"119":2,"121":2,"129":4,"132":1,"133":1,"134":1,"135":1,"136":1,"139":1,"140":1,"141":1,"143":1,"145":0,"146":0,"147":0,"149":0,"150":0,"151":0,"153":0,"154":0,"155":0,"156":0,"157":0,"158":0,"160":0,"168":1},"branchMap":{"0":{"type":"branch","line":9,"loc":{"start":{"line":9,"column":36},"end":{"line":35,"column":3}},"locations":[{"start":{"line":9,"column":36},"end":{"line":35,"column":3}}]},"1":{"type":"branch","line":14,"loc":{"start":{"line":14,"column":9},"end":{"line":14,"column":43}},"locations":[{"start":{"line":14,"column":9},"end":{"line":14,"column":43}}]},"2":{"type":"branch","line":14,"loc":{"start":{"line":14,"column":43},"end":{"line":16,"column":5}},"locations":[{"start":{"line":14,"column":43},"end":{"line":16,"column":5}}]},"3":{"type":"branch","line":16,"loc":{"start":{"line":16,"column":4},"end":{"line":31,"column":9}},"locations":[{"start":{"line":16,"column":4},"end":{"line":31,"column":9}}]},"4":{"type":"branch","line":31,"loc":{"start":{"line":31,"column":0},"end":{"line":34,"column":3}},"locations":[{"start":{"line":31,"column":0},"end":{"line":34,"column":3}}]},"5":{"type":"branch","line":38,"loc":{"start":{"line":38,"column":35},"end":{"line":64,"column":3}},"locations":[{"start":{"line":38,"column":35},"end":{"line":64,"column":3}}]},"6":{"type":"branch","line":60,"loc":{"start":{"line":60,"column":0},"end":{"line":63,"column":3}},"locations":[{"start":{"line":60,"column":0},"end":{"line":63,"column":3}}]},"7":{"type":"branch","line":57,"loc":{"start":{"line":57,"column":29},"end":{"line":57,"column":45}},"locations":[{"start":{"line":57,"column":29},"end":{"line":57,"column":45}}]},"8":{"type":"branch","line":67,"loc":{"start":{"line":67,"column":46},"end":{"line":85,"column":3}},"locations":[{"start":{"line":67,"column":46},"end":{"line":85,"column":3}}]},"9":{"type":"branch","line":81,"loc":{"start":{"line":81,"column":0},"end":{"line":84,"column":3}},"locations":[{"start":{"line":81,"column":0},"end":{"line":84,"column":3}}]},"10":{"type":"branch","line":88,"loc":{"start":{"line":88,"column":46},"end":{"line":130,"column":3}},"locations":[{"start":{"line":88,"column":46},"end":{"line":130,"column":3}}]},"11":{"type":"branch","line":99,"loc":{"start":{"line":99,"column":20},"end":{"line":99,"column":82}},"locations":[{"start":{"line":99,"column":20},"end":{"line":99,"column":82}}]},"12":{"type":"branch","line":101,"loc":{"start":{"line":101,"column":39},"end":{"line":103,"column":5}},"locations":[{"start":{"line":101,"column":39},"end":{"line":103,"column":5}}]},"13":{"type":"branch","line":103,"loc":{"start":{"line":103,"column":4},"end":{"line":106,"column":30}},"locations":[{"start":{"line":103,"column":4},"end":{"line":106,"column":30}}]},"14":{"type":"branch","line":106,"loc":{"start":{"line":106,"column":23},"end":{"line":106,"column":80}},"locations":[{"start":{"line":106,"column":23},"end":{"line":106,"column":80}}]},"15":{"type":"branch","line":106,"loc":{"start":{"line":106,"column":78},"end":{"line":112,"column":25}},"locations":[{"start":{"line":106,"column":78},"end":{"line":112,"column":25}}]},"16":{"type":"branch","line":112,"loc":{"start":{"line":112,"column":18},"end":{"line":112,"column":82}},"locations":[{"start":{"line":112,"column":18},"end":{"line":112,"column":82}}]},"17":{"type":"branch","line":112,"loc":{"start":{"line":112,"column":80},"end":{"line":125,"column":9}},"locations":[{"start":{"line":112,"column":80},"end":{"line":125,"column":9}}]},"18":{"type":"branch","line":125,"loc":{"start":{"line":125,"column":0},"end":{"line":129,"column":3}},"locations":[{"start":{"line":125,"column":0},"end":{"line":129,"column":3}}]},"19":{"type":"branch","line":133,"loc":{"start":{"line":133,"column":59},"end":{"line":169,"column":3}},"locations":[{"start":{"line":133,"column":59},"end":{"line":169,"column":3}}]},"20":{"type":"branch","line":144,"loc":{"start":{"line":144,"column":80},"end":{"line":168,"column":3}},"locations":[{"start":{"line":144,"column":80},"end":{"line":168,"column":3}}]}},"b":{"0":[43],"1":[41],"2":[2],"3":[41],"4":[1],"5":[1],"6":[1],"7":[1],"8":[3],"9":[1],"10":[4],"11":[0],"12":[1],"13":[3],"14":[1],"15":[2],"16":[0],"17":[2],"18":[1],"19":[1],"20":[0]},"fnMap":{},"f":{}}
}
